<?xml version="1.0" encoding="UTF-8"?>
<coverage generated="1764646774691" clover="3.2.0">
  <project timestamp="1764646774691" name="All files">
    <metrics statements="15" coveredstatements="15" conditionals="4" coveredconditionals="4" methods="12" coveredmethods="12" elements="31" coveredelements="31" complexity="0" loc="15" ncloc="15" packages="2" files="2" classes="2"/>
    <package name="repositories">
      <metrics statements="6" coveredstatements="6" conditionals="2" coveredconditionals="2" methods="6" coveredmethods="6"/>
      <file name="TaskRepository.ts" path="C:\Users\Windows\Desktop\ADS - MODULO IV\DispositivosMoveis\ToDo-List-MVVM\src\model\repositories\TaskRepository.ts">
        <metrics statements="6" coveredstatements="6" conditionals="2" coveredconditionals="2" methods="6" coveredmethods="6"/>
        <line num="5" count="1" type="stmt"/>
        <line num="6" count="6" type="stmt"/>
        <line num="9" count="6" type="stmt"/>
        <line num="13" count="7" type="stmt"/>
        <line num="17" count="2" type="cond" truecount="2" falsecount="0"/>
        <line num="21" count="3" type="stmt"/>
      </file>
    </package>
    <package name="services">
      <metrics statements="9" coveredstatements="9" conditionals="2" coveredconditionals="2" methods="6" coveredmethods="6"/>
      <file name="TaskService.ts" path="C:\Users\Windows\Desktop\ADS - MODULO IV\DispositivosMoveis\ToDo-List-MVVM\src\model\services\TaskService.ts">
        <metrics statements="9" coveredstatements="9" conditionals="2" coveredconditionals="2" methods="6" coveredmethods="6"/>
        <line num="4" count="1" type="stmt"/>
        <line num="5" count="5" type="stmt"/>
        <line num="8" count="1" type="stmt"/>
        <line num="12" count="1" type="stmt"/>
        <line num="16" count="3" type="stmt"/>
        <line num="17" count="3" type="stmt"/>
        <line num="18" count="3" type="cond" truecount="2" falsecount="0"/>
        <line num="19" count="2" type="stmt"/>
        <line num="24" count="1" type="stmt"/>
      </file>
    </package>
  </project>
</coverage>
