{"C:\\Users\\Larisssa\\Projetos\\projetos do curso\\ToDo-List-MVVM\\src\\model\\repositories\\TaskRepository.ts": {"path":"C:\\Users\\Larisssa\\Projetos\\projetos do curso\\ToDo-List-MVVM\\src\\model\\repositories\\TaskRepository.ts","statementMap":{"0":{"start":{"line":6,"column":26},"end":{"line":6,"column":28}},"1":{"start":{"line":9,"column":4},"end":{"line":9,"column":22}},"2":{"start":{"line":13,"column":4},"end":{"line":13,"column":26}},"3":{"start":{"line":17,"column":4},"end":{"line":17,"column":68}},"4":{"start":{"line":17,"column":38},"end":{"line":17,"column":65}},"5":{"start":{"line":21,"column":4},"end":{"line":21,"column":53}},"6":{"start":{"line":21,"column":40},"end":{"line":21,"column":51}},"7":{"start":{"line":5,"column":0},"end":{"line":5,"column":13}}},"fnMap":{"0":{"name":"(anonymous_0)","decl":{"start":{"line":8,"column":2},"end":{"line":8,"column":8}},"loc":{"start":{"line":8,"column":8},"end":{"line":10,"column":3}}},"1":{"name":"(anonymous_1)","decl":{"start":{"line":12,"column":2},"end":{"line":12,"column":5}},"loc":{"start":{"line":12,"column":16},"end":{"line":14,"column":3}}},"2":{"name":"(anonymous_2)","decl":{"start":{"line":16,"column":2},"end":{"line":16,"column":8}},"loc":{"start":{"line":16,"column":19},"end":{"line":18,"column":3}}},"3":{"name":"(anonymous_3)","decl":{"start":{"line":17,"column":32},"end":{"line":17,"column":33}},"loc":{"start":{"line":17,"column":38},"end":{"line":17,"column":65}}},"4":{"name":"(anonymous_4)","decl":{"start":{"line":20,"column":2},"end":{"line":20,"column":8}},"loc":{"start":{"line":20,"column":19},"end":{"line":22,"column":3}}},"5":{"name":"(anonymous_5)","decl":{"start":{"line":21,"column":35},"end":{"line":21,"column":36}},"loc":{"start":{"line":21,"column":40},"end":{"line":21,"column":51}}}},"branchMap":{"0":{"loc":{"start":{"line":17,"column":38},"end":{"line":17,"column":65}},"type":"cond-expr","locations":[{"start":{"line":17,"column":57},"end":{"line":17,"column":61}},{"start":{"line":17,"column":64},"end":{"line":17,"column":65}}]}},"s":{"0":11,"1":7,"2":7,"3":2,"4":2,"5":2,"6":3,"7":2},"f":{"0":7,"1":7,"2":2,"3":2,"4":2,"5":3},"b":{"0":[1,1]}}
,"C:\\Users\\Larisssa\\Projetos\\projetos do curso\\ToDo-List-MVVM\\src\\model\\services\\TaskService.ts": {"path":"C:\\Users\\Larisssa\\Projetos\\projetos do curso\\ToDo-List-MVVM\\src\\model\\services\\TaskService.ts","statementMap":{"0":{"start":{"line":5,"column":22},"end":{"line":5,"column":49}},"1":{"start":{"line":8,"column":4},"end":{"line":8,"column":36}},"2":{"start":{"line":12,"column":4},"end":{"line":12,"column":30}},"3":{"start":{"line":16,"column":17},"end":{"line":16,"column":41}},"4":{"start":{"line":17,"column":17},"end":{"line":17,"column":44}},"5":{"start":{"line":17,"column":32},"end":{"line":17,"column":43}},"6":{"start":{"line":18,"column":4},"end":{"line":20,"column":5}},"7":{"start":{"line":19,"column":6},"end":{"line":19,"column":60}},"8":{"start":{"line":24,"column":4},"end":{"line":24,"column":31}},"9":{"start":{"line":4,"column":0},"end":{"line":4,"column":13}}},"fnMap":{"0":{"name":"(anonymous_0)","decl":{"start":{"line":5,"column":2},"end":{"line":5,"column":22}},"loc":{"start":{"line":5,"column":49},"end":{"line":5,"column":52}}},"1":{"name":"(anonymous_1)","decl":{"start":{"line":7,"column":2},"end":{"line":7,"column":11}},"loc":{"start":{"line":7,"column":11},"end":{"line":9,"column":3}}},"2":{"name":"(anonymous_2)","decl":{"start":{"line":11,"column":2},"end":{"line":11,"column":12}},"loc":{"start":{"line":11,"column":23},"end":{"line":13,"column":3}}},"3":{"name":"(anonymous_3)","decl":{"start":{"line":15,"column":2},"end":{"line":15,"column":12}},"loc":{"start":{"line":15,"column":23},"end":{"line":21,"column":3}}},"4":{"name":"(anonymous_4)","decl":{"start":{"line":17,"column":27},"end":{"line":17,"column":28}},"loc":{"start":{"line":17,"column":32},"end":{"line":17,"column":43}}},"5":{"name":"(anonymous_5)","decl":{"start":{"line":23,"column":2},"end":{"line":23,"column":12}},"loc":{"start":{"line":23,"column":23},"end":{"line":25,"column":3}}}},"branchMap":{"0":{"loc":{"start":{"line":18,"column":4},"end":{"line":20,"column":5}},"type":"if","locations":[{"start":{"line":18,"column":4},"end":{"line":20,"column":5}},{"start":{},"end":{}}]}},"s":{"0":10,"1":2,"2":1,"3":3,"4":3,"5":2,"6":3,"7":2,"8":1,"9":2},"f":{"0":10,"1":2,"2":1,"3":3,"4":2,"5":1},"b":{"0":[2,1]}}
,"C:\\Users\\Larisssa\\Projetos\\projetos do curso\\ToDo-List-MVVM\\src\\viewmodel\\CreateTaskViewModel.ts": {"path":"C:\\Users\\Larisssa\\Projetos\\projetos do curso\\ToDo-List-MVVM\\src\\viewmodel\\CreateTaskViewModel.ts","statementMap":{"0":{"start":{"line":1,"column":0},"end":{"line":1,"column":33}},"1":{"start":{"line":4,"column":38},"end":{"line":25,"column":1}},"2":{"start":{"line":5,"column":28},"end":{"line":5,"column":40}},"3":{"start":{"line":6,"column":40},"end":{"line":6,"column":52}},"4":{"start":{"line":8,"column":17},"end":{"line":16,"column":3}},"5":{"start":{"line":9,"column":26},"end":{"line":14,"column":6}},"6":{"start":{"line":15,"column":4},"end":{"line":15,"column":18}},"7":{"start":{"line":18,"column":2},"end":{"line":24,"column":4}},"8":{"start":{"line":4,"column":13},"end":{"line":4,"column":38}}},"fnMap":{"0":{"name":"(anonymous_0)","decl":{"start":{"line":4,"column":38},"end":{"line":4,"column":39}},"loc":{"start":{"line":4,"column":69},"end":{"line":25,"column":1}}},"1":{"name":"(anonymous_1)","decl":{"start":{"line":8,"column":17},"end":{"line":8,"column":20}},"loc":{"start":{"line":8,"column":22},"end":{"line":16,"column":3}}}},"branchMap":{},"s":{"0":1,"1":1,"2":2,"3":2,"4":2,"5":1,"6":1,"7":2,"8":1},"f":{"0":2,"1":1},"b":{}}
,"C:\\Users\\Larisssa\\Projetos\\projetos do curso\\ToDo-List-MVVM\\src\\viewmodel\\HomeViewModel.ts": {"path":"C:\\Users\\Larisssa\\Projetos\\projetos do curso\\ToDo-List-MVVM\\src\\viewmodel\\HomeViewModel.ts","statementMap":{"0":{"start":{"line":1,"column":0},"end":{"line":1,"column":33}},"1":{"start":{"line":3,"column":0},"end":{"line":3,"column":60}},"2":{"start":{"line":4,"column":0},"end":{"line":4,"column":70}},"3":{"start":{"line":6,"column":23},"end":{"line":6,"column":60}},"4":{"start":{"line":8,"column":32},"end":{"line":36,"column":1}},"5":{"start":{"line":9,"column":28},"end":{"line":9,"column":65}},"6":{"start":{"line":11,"column":18},"end":{"line":13,"column":3}},"7":{"start":{"line":12,"column":4},"end":{"line":12,"column":39}},"8":{"start":{"line":15,"column":18},"end":{"line":18,"column":3}},"9":{"start":{"line":16,"column":4},"end":{"line":16,"column":29}},"10":{"start":{"line":17,"column":4},"end":{"line":17,"column":14}},"11":{"start":{"line":20,"column":21},"end":{"line":23,"column":3}},"12":{"start":{"line":21,"column":4},"end":{"line":21,"column":27}},"13":{"start":{"line":22,"column":4},"end":{"line":22,"column":14}},"14":{"start":{"line":25,"column":21},"end":{"line":28,"column":3}},"15":{"start":{"line":26,"column":4},"end":{"line":26,"column":27}},"16":{"start":{"line":27,"column":4},"end":{"line":27,"column":14}},"17":{"start":{"line":30,"column":2},"end":{"line":35,"column":4}},"18":{"start":{"line":8,"column":13},"end":{"line":8,"column":32}}},"fnMap":{"0":{"name":"(anonymous_0)","decl":{"start":{"line":8,"column":32},"end":{"line":8,"column":33}},"loc":{"start":{"line":8,"column":74},"end":{"line":36,"column":1}}},"1":{"name":"(anonymous_1)","decl":{"start":{"line":11,"column":18},"end":{"line":11,"column":21}},"loc":{"start":{"line":11,"column":23},"end":{"line":13,"column":3}}},"2":{"name":"(anonymous_2)","decl":{"start":{"line":15,"column":18},"end":{"line":15,"column":19}},"loc":{"start":{"line":15,"column":33},"end":{"line":18,"column":3}}},"3":{"name":"(anonymous_3)","decl":{"start":{"line":20,"column":21},"end":{"line":20,"column":22}},"loc":{"start":{"line":20,"column":36},"end":{"line":23,"column":3}}},"4":{"name":"(anonymous_4)","decl":{"start":{"line":25,"column":21},"end":{"line":25,"column":22}},"loc":{"start":{"line":25,"column":36},"end":{"line":28,"column":3}}}},"branchMap":{"0":{"loc":{"start":{"line":8,"column":33},"end":{"line":8,"column":70}},"type":"default-arg","locations":[{"start":{"line":8,"column":56},"end":{"line":8,"column":70}}]}},"s":{"0":1,"1":1,"2":1,"3":1,"4":1,"5":4,"6":4,"7":3,"8":4,"9":1,"10":1,"11":4,"12":1,"13":1,"14":4,"15":1,"16":1,"17":4,"18":1},"f":{"0":4,"1":3,"2":1,"3":1,"4":1},"b":{"0":[1]}}
,"C:\\Users\\Larisssa\\Projetos\\projetos do curso\\ToDo-List-MVVM\\src\\viewmodel\\TaskDetailsViewModel.ts": {"path":"C:\\Users\\Larisssa\\Projetos\\projetos do curso\\ToDo-List-MVVM\\src\\viewmodel\\TaskDetailsViewModel.ts","statementMap":{"0":{"start":{"line":3,"column":39},"end":{"line":15,"column":1}},"1":{"start":{"line":8,"column":21},"end":{"line":10,"column":3}},"2":{"start":{"line":9,"column":4},"end":{"line":9,"column":22}},"3":{"start":{"line":12,"column":2},"end":{"line":14,"column":4}},"4":{"start":{"line":3,"column":13},"end":{"line":3,"column":39}}},"fnMap":{"0":{"name":"(anonymous_0)","decl":{"start":{"line":3,"column":39},"end":{"line":3,"column":null}},"loc":{"start":{"line":6,"column":4},"end":{"line":15,"column":1}}},"1":{"name":"(anonymous_1)","decl":{"start":{"line":8,"column":21},"end":{"line":8,"column":24}},"loc":{"start":{"line":8,"column":26},"end":{"line":10,"column":3}}}},"branchMap":{},"s":{"0":1,"1":1,"2":1,"3":1,"4":1},"f":{"0":1,"1":1},"b":{}}
}
