TN:
SF:src\model\repositories\TaskRepository.ts
FN:8,(anonymous_0)
FN:12,(anonymous_1)
FN:16,(anonymous_2)
FN:17,(anonymous_3)
FN:20,(anonymous_4)
FN:21,(anonymous_5)
FNF:6
FNH:6
FNDA:6,(anonymous_0)
FNDA:7,(anonymous_1)
FNDA:2,(anonymous_2)
FNDA:2,(anonymous_3)
FNDA:2,(anonymous_4)
FNDA:3,(anonymous_5)
DA:5,1
DA:6,6
DA:9,6
DA:13,7
DA:17,2
DA:21,3
LF:6
LH:6
BRDA:17,0,0,1
BRDA:17,0,1,1
BRF:2
BRH:2
end_of_record
TN:
SF:src\model\services\TaskService.ts
FN:5,(anonymous_0)
FN:7,(anonymous_1)
FN:11,(anonymous_2)
FN:15,(anonymous_3)
FN:17,(anonymous_4)
FN:23,(anonymous_5)
FNF:6
FNH:6
FNDA:5,(anonymous_0)
FNDA:1,(anonymous_1)
FNDA:1,(anonymous_2)
FNDA:3,(anonymous_3)
FNDA:2,(anonymous_4)
FNDA:1,(anonymous_5)
DA:4,1
DA:5,5
DA:8,1
DA:12,1
DA:16,3
DA:17,3
DA:18,3
DA:19,2
DA:24,1
LF:9
LH:9
BRDA:18,0,0,2
BRDA:18,0,1,1
BRF:2
BRH:2
end_of_record
