TN:
SF:src\model\repositories\TaskRepository.ts
FN:8,(anonymous_0)
FN:12,(anonymous_1)
FN:16,(anonymous_2)
FN:17,(anonymous_3)
FN:20,(anonymous_4)
FN:21,(anonymous_5)
FNF:6
FNH:6
FNDA:7,(anonymous_0)
FNDA:7,(anonymous_1)
FNDA:2,(anonymous_2)
FNDA:2,(anonymous_3)
FNDA:2,(anonymous_4)
FNDA:3,(anonymous_5)
DA:5,2
DA:6,11
DA:9,7
DA:13,7
DA:17,2
DA:21,3
LF:6
LH:6
BRDA:17,0,0,1
BRDA:17,0,1,1
BRF:2
BRH:2
end_of_record
TN:
SF:src\model\services\TaskService.ts
FN:5,(anonymous_0)
FN:7,(anonymous_1)
FN:11,(anonymous_2)
FN:15,(anonymous_3)
FN:17,(anonymous_4)
FN:23,(anonymous_5)
FNF:6
FNH:6
FNDA:10,(anonymous_0)
FNDA:2,(anonymous_1)
FNDA:1,(anonymous_2)
FNDA:3,(anonymous_3)
FNDA:2,(anonymous_4)
FNDA:1,(anonymous_5)
DA:4,2
DA:5,10
DA:8,2
DA:12,1
DA:16,3
DA:17,3
DA:18,3
DA:19,2
DA:24,1
LF:9
LH:9
BRDA:18,0,0,2
BRDA:18,0,1,1
BRF:2
BRH:2
end_of_record
TN:
SF:src\viewmodel\CreateTaskViewModel.ts
FN:4,(anonymous_0)
FN:8,(anonymous_1)
FNF:2
FNH:2
FNDA:2,(anonymous_0)
FNDA:1,(anonymous_1)
DA:1,1
DA:4,1
DA:5,2
DA:6,2
DA:8,2
DA:9,1
DA:15,1
DA:18,2
LF:8
LH:8
BRF:0
BRH:0
end_of_record
TN:
SF:src\viewmodel\HomeViewModel.ts
FN:8,(anonymous_0)
FN:11,(anonymous_1)
FN:15,(anonymous_2)
FN:20,(anonymous_3)
FN:25,(anonymous_4)
FNF:5
FNH:5
FNDA:4,(anonymous_0)
FNDA:3,(anonymous_1)
FNDA:1,(anonymous_2)
FNDA:1,(anonymous_3)
FNDA:1,(anonymous_4)
DA:1,1
DA:3,1
DA:4,1
DA:6,1
DA:8,1
DA:9,4
DA:11,4
DA:12,3
DA:15,4
DA:16,1
DA:17,1
DA:20,4
DA:21,1
DA:22,1
DA:25,4
DA:26,1
DA:27,1
DA:30,4
LF:18
LH:18
BRDA:8,0,0,1
BRF:1
BRH:1
end_of_record
TN:
SF:src\viewmodel\TaskDetailsViewModel.ts
FN:3,(anonymous_0)
FN:8,(anonymous_1)
FNF:2
FNH:2
FNDA:1,(anonymous_0)
FNDA:1,(anonymous_1)
DA:3,1
DA:8,1
DA:9,1
DA:12,1
LF:4
LH:4
BRF:0
BRH:0
end_of_record
